[2023-12-18 12:16:31,001][__main__][INFO] - Found GPU with device_name NVIDIA GeForce RTX 3080. Will run RFdiffusion on NVIDIA GeForce RTX 3080
[2023-12-18 12:16:31,001][rfdiffusion.inference.model_runners][INFO] - Reading checkpoint from /home/domain/ipermyakov/RFdiffusion/rfdiffusion/inference/../../models/InpaintSeq_ckpt.pt
[2023-12-18 12:16:34,800][rfdiffusion.inference.model_runners][INFO] - Loading checkpoint.
[2023-12-18 12:16:37,330][rfdiffusion.diffusion][INFO] - Using cached IGSO3.
[2023-12-18 12:16:37,357][__main__][INFO] - Making design example_outputs/design_ppi_flexible_peptide_0
[2023-12-18 12:16:37,363][rfdiffusion.inference.model_runners][INFO] - Using contig: ['B10-35/0 70-100']
[2023-12-18 12:16:37,381][rfdiffusion.inference.model_runners][INFO] - Sequence init: ---------------------------------------------------------------------------GTFTSDVSSYLEGQAAKEFIAWLVKG
[2023-12-18 12:16:39,318][rfdiffusion.inference.model_runners][INFO] - Timestep 50, input to next step: ---------------------------------------------------------------------------GTFTSDVSSYLEGQAAKEFIAWLVKG
[2023-12-18 12:16:40,257][rfdiffusion.inference.model_runners][INFO] - Timestep 49, input to next step: ---------------------------------------------------------------------------GTFTSDVSSYLEGQAAKEFIAWLVKG
[2023-12-18 12:16:41,668][rfdiffusion.inference.model_runners][INFO] - Timestep 48, input to next step: ---------------------------------------------------------------------------GTFTSDVSSYLEGQAAKEFIAWLVKG
[2023-12-18 12:16:42,941][rfdiffusion.inference.model_runners][INFO] - Timestep 47, input to next step: ---------------------------------------------------------------------------GTFTSDVSSYLEGQAAKEFIAWLVKG
[2023-12-18 12:16:43,882][rfdiffusion.inference.model_runners][INFO] - Timestep 46, input to next step: ---------------------------------------------------------------------------GTFTSDVSSYLEGQAAKEFIAWLVKG
[2023-12-18 12:16:44,427][rfdiffusion.inference.model_runners][INFO] - Timestep 45, input to next step: ---------------------------------------------------------------------------GTFTSDVSSYLEGQAAKEFIAWLVKG
[2023-12-18 12:16:44,835][rfdiffusion.inference.model_runners][INFO] - Timestep 44, input to next step: ---------------------------------------------------------------------------GTFTSDVSSYLEGQAAKEFIAWLVKG
[2023-12-18 12:16:45,244][rfdiffusion.inference.model_runners][INFO] - Timestep 43, input to next step: ---------------------------------------------------------------------------GTFTSDVSSYLEGQAAKEFIAWLVKG
[2023-12-18 12:16:45,652][rfdiffusion.inference.model_runners][INFO] - Timestep 42, input to next step: ---------------------------------------------------------------------------GTFTSDVSSYLEGQAAKEFIAWLVKG
[2023-12-18 12:16:46,058][rfdiffusion.inference.model_runners][INFO] - Timestep 41, input to next step: ---------------------------------------------------------------------------GTFTSDVSSYLEGQAAKEFIAWLVKG
[2023-12-18 12:16:46,463][rfdiffusion.inference.model_runners][INFO] - Timestep 40, input to next step: ---------------------------------------------------------------------------GTFTSDVSSYLEGQAAKEFIAWLVKG
[2023-12-18 12:16:46,873][rfdiffusion.inference.model_runners][INFO] - Timestep 39, input to next step: ---------------------------------------------------------------------------GTFTSDVSSYLEGQAAKEFIAWLVKG
[2023-12-18 12:16:47,732][rfdiffusion.inference.model_runners][INFO] - Timestep 38, input to next step: ---------------------------------------------------------------------------GTFTSDVSSYLEGQAAKEFIAWLVKG
[2023-12-18 12:16:48,143][rfdiffusion.inference.model_runners][INFO] - Timestep 37, input to next step: ---------------------------------------------------------------------------GTFTSDVSSYLEGQAAKEFIAWLVKG
[2023-12-18 12:16:49,032][rfdiffusion.inference.model_runners][INFO] - Timestep 36, input to next step: ---------------------------------------------------------------------------GTFTSDVSSYLEGQAAKEFIAWLVKG
[2023-12-18 12:16:49,443][rfdiffusion.inference.model_runners][INFO] - Timestep 35, input to next step: ---------------------------------------------------------------------------GTFTSDVSSYLEGQAAKEFIAWLVKG
[2023-12-18 12:16:49,848][rfdiffusion.inference.model_runners][INFO] - Timestep 34, input to next step: ---------------------------------------------------------------------------GTFTSDVSSYLEGQAAKEFIAWLVKG
[2023-12-18 12:16:50,257][rfdiffusion.inference.model_runners][INFO] - Timestep 33, input to next step: ---------------------------------------------------------------------------GTFTSDVSSYLEGQAAKEFIAWLVKG
[2023-12-18 12:16:50,665][rfdiffusion.inference.model_runners][INFO] - Timestep 32, input to next step: ---------------------------------------------------------------------------GTFTSDVSSYLEGQAAKEFIAWLVKG
[2023-12-18 12:16:51,074][rfdiffusion.inference.model_runners][INFO] - Timestep 31, input to next step: ---------------------------------------------------------------------------GTFTSDVSSYLEGQAAKEFIAWLVKG
[2023-12-18 12:16:51,483][rfdiffusion.inference.model_runners][INFO] - Timestep 30, input to next step: ---------------------------------------------------------------------------GTFTSDVSSYLEGQAAKEFIAWLVKG
[2023-12-18 12:16:51,891][rfdiffusion.inference.model_runners][INFO] - Timestep 29, input to next step: ---------------------------------------------------------------------------GTFTSDVSSYLEGQAAKEFIAWLVKG
[2023-12-18 12:16:52,299][rfdiffusion.inference.model_runners][INFO] - Timestep 28, input to next step: ---------------------------------------------------------------------------GTFTSDVSSYLEGQAAKEFIAWLVKG
[2023-12-18 12:16:52,704][rfdiffusion.inference.model_runners][INFO] - Timestep 27, input to next step: ---------------------------------------------------------------------------GTFTSDVSSYLEGQAAKEFIAWLVKG
[2023-12-18 12:16:53,112][rfdiffusion.inference.model_runners][INFO] - Timestep 26, input to next step: ---------------------------------------------------------------------------GTFTSDVSSYLEGQAAKEFIAWLVKG
[2023-12-18 12:16:53,795][rfdiffusion.inference.model_runners][INFO] - Timestep 25, input to next step: ---------------------------------------------------------------------------GTFTSDVSSYLEGQAAKEFIAWLVKG
[2023-12-18 12:16:54,364][rfdiffusion.inference.model_runners][INFO] - Timestep 24, input to next step: ---------------------------------------------------------------------------GTFTSDVSSYLEGQAAKEFIAWLVKG
[2023-12-18 12:16:54,772][rfdiffusion.inference.model_runners][INFO] - Timestep 23, input to next step: ---------------------------------------------------------------------------GTFTSDVSSYLEGQAAKEFIAWLVKG
[2023-12-18 12:16:55,658][rfdiffusion.inference.model_runners][INFO] - Timestep 22, input to next step: ---------------------------------------------------------------------------GTFTSDVSSYLEGQAAKEFIAWLVKG
[2023-12-18 12:16:56,065][rfdiffusion.inference.model_runners][INFO] - Timestep 21, input to next step: ---------------------------------------------------------------------------GTFTSDVSSYLEGQAAKEFIAWLVKG
[2023-12-18 12:16:56,471][rfdiffusion.inference.model_runners][INFO] - Timestep 20, input to next step: ---------------------------------------------------------------------------GTFTSDVSSYLEGQAAKEFIAWLVKG
[2023-12-18 12:16:56,879][rfdiffusion.inference.model_runners][INFO] - Timestep 19, input to next step: ---------------------------------------------------------------------------GTFTSDVSSYLEGQAAKEFIAWLVKG
[2023-12-18 12:16:57,276][rfdiffusion.inference.model_runners][INFO] - Timestep 18, input to next step: ---------------------------------------------------------------------------GTFTSDVSSYLEGQAAKEFIAWLVKG
[2023-12-18 12:16:57,681][rfdiffusion.inference.model_runners][INFO] - Timestep 17, input to next step: ---------------------------------------------------------------------------GTFTSDVSSYLEGQAAKEFIAWLVKG
[2023-12-18 12:16:58,088][rfdiffusion.inference.model_runners][INFO] - Timestep 16, input to next step: ---------------------------------------------------------------------------GTFTSDVSSYLEGQAAKEFIAWLVKG
[2023-12-18 12:16:58,490][rfdiffusion.inference.model_runners][INFO] - Timestep 15, input to next step: ---------------------------------------------------------------------------GTFTSDVSSYLEGQAAKEFIAWLVKG
[2023-12-18 12:16:58,891][rfdiffusion.inference.model_runners][INFO] - Timestep 14, input to next step: ---------------------------------------------------------------------------GTFTSDVSSYLEGQAAKEFIAWLVKG
[2023-12-18 12:16:59,292][rfdiffusion.inference.model_runners][INFO] - Timestep 13, input to next step: ---------------------------------------------------------------------------GTFTSDVSSYLEGQAAKEFIAWLVKG
[2023-12-18 12:16:59,692][rfdiffusion.inference.model_runners][INFO] - Timestep 12, input to next step: ---------------------------------------------------------------------------GTFTSDVSSYLEGQAAKEFIAWLVKG
[2023-12-18 12:17:00,209][rfdiffusion.inference.model_runners][INFO] - Timestep 11, input to next step: ---------------------------------------------------------------------------GTFTSDVSSYLEGQAAKEFIAWLVKG
[2023-12-18 12:17:00,930][rfdiffusion.inference.model_runners][INFO] - Timestep 10, input to next step: ---------------------------------------------------------------------------GTFTSDVSSYLEGQAAKEFIAWLVKG
[2023-12-18 12:17:01,328][rfdiffusion.inference.model_runners][INFO] - Timestep 9, input to next step: ---------------------------------------------------------------------------GTFTSDVSSYLEGQAAKEFIAWLVKG
[2023-12-18 12:17:02,206][rfdiffusion.inference.model_runners][INFO] - Timestep 8, input to next step: ---------------------------------------------------------------------------GTFTSDVSSYLEGQAAKEFIAWLVKG
[2023-12-18 12:17:02,605][rfdiffusion.inference.model_runners][INFO] - Timestep 7, input to next step: ---------------------------------------------------------------------------GTFTSDVSSYLEGQAAKEFIAWLVKG
[2023-12-18 12:17:03,002][rfdiffusion.inference.model_runners][INFO] - Timestep 6, input to next step: ---------------------------------------------------------------------------GTFTSDVSSYLEGQAAKEFIAWLVKG
[2023-12-18 12:17:03,400][rfdiffusion.inference.model_runners][INFO] - Timestep 5, input to next step: ---------------------------------------------------------------------------GTFTSDVSSYLEGQAAKEFIAWLVKG
[2023-12-18 12:17:03,798][rfdiffusion.inference.model_runners][INFO] - Timestep 4, input to next step: ---------------------------------------------------------------------------GTFTSDVSSYLEGQAAKEFIAWLVKG
[2023-12-18 12:17:04,194][rfdiffusion.inference.model_runners][INFO] - Timestep 3, input to next step: ---------------------------------------------------------------------------GTFTSDVSSYLEGQAAKEFIAWLVKG
[2023-12-18 12:17:04,591][rfdiffusion.inference.model_runners][INFO] - Timestep 2, input to next step: ---------------------------------------------------------------------------GTFTSDVSSYLEGQAAKEFIAWLVKG
[2023-12-18 12:17:05,698][__main__][INFO] - Finished design in 0.47 minutes
[2023-12-18 12:17:05,698][__main__][INFO] - Making design example_outputs/design_ppi_flexible_peptide_1
[2023-12-18 12:17:05,703][rfdiffusion.inference.model_runners][INFO] - Using contig: ['B10-35/0 70-100']
[2023-12-18 12:17:05,718][rfdiffusion.inference.model_runners][INFO] - Sequence init: --------------------------------------------------------------------------------------------------GTFTSDVSSYLEGQAAKEFIAWLVKG
[2023-12-18 12:17:06,201][rfdiffusion.inference.model_runners][INFO] - Timestep 50, input to next step: --------------------------------------------------------------------------------------------------GTFTSDVSSYLEGQAAKEFIAWLVKG
[2023-12-18 12:17:07,217][rfdiffusion.inference.model_runners][INFO] - Timestep 49, input to next step: --------------------------------------------------------------------------------------------------GTFTSDVSSYLEGQAAKEFIAWLVKG
[2023-12-18 12:17:07,714][rfdiffusion.inference.model_runners][INFO] - Timestep 48, input to next step: --------------------------------------------------------------------------------------------------GTFTSDVSSYLEGQAAKEFIAWLVKG
[2023-12-18 12:17:08,723][rfdiffusion.inference.model_runners][INFO] - Timestep 47, input to next step: --------------------------------------------------------------------------------------------------GTFTSDVSSYLEGQAAKEFIAWLVKG
[2023-12-18 12:17:09,209][rfdiffusion.inference.model_runners][INFO] - Timestep 46, input to next step: --------------------------------------------------------------------------------------------------GTFTSDVSSYLEGQAAKEFIAWLVKG
[2023-12-18 12:17:09,691][rfdiffusion.inference.model_runners][INFO] - Timestep 45, input to next step: --------------------------------------------------------------------------------------------------GTFTSDVSSYLEGQAAKEFIAWLVKG
[2023-12-18 12:17:10,179][rfdiffusion.inference.model_runners][INFO] - Timestep 44, input to next step: --------------------------------------------------------------------------------------------------GTFTSDVSSYLEGQAAKEFIAWLVKG
[2023-12-18 12:17:10,683][rfdiffusion.inference.model_runners][INFO] - Timestep 43, input to next step: --------------------------------------------------------------------------------------------------GTFTSDVSSYLEGQAAKEFIAWLVKG
[2023-12-18 12:17:11,175][rfdiffusion.inference.model_runners][INFO] - Timestep 42, input to next step: --------------------------------------------------------------------------------------------------GTFTSDVSSYLEGQAAKEFIAWLVKG
[2023-12-18 12:17:11,667][rfdiffusion.inference.model_runners][INFO] - Timestep 41, input to next step: --------------------------------------------------------------------------------------------------GTFTSDVSSYLEGQAAKEFIAWLVKG
[2023-12-18 12:17:12,158][rfdiffusion.inference.model_runners][INFO] - Timestep 40, input to next step: --------------------------------------------------------------------------------------------------GTFTSDVSSYLEGQAAKEFIAWLVKG
[2023-12-18 12:17:12,650][rfdiffusion.inference.model_runners][INFO] - Timestep 39, input to next step: --------------------------------------------------------------------------------------------------GTFTSDVSSYLEGQAAKEFIAWLVKG
[2023-12-18 12:17:13,667][rfdiffusion.inference.model_runners][INFO] - Timestep 38, input to next step: --------------------------------------------------------------------------------------------------GTFTSDVSSYLEGQAAKEFIAWLVKG
[2023-12-18 12:17:14,166][rfdiffusion.inference.model_runners][INFO] - Timestep 37, input to next step: --------------------------------------------------------------------------------------------------GTFTSDVSSYLEGQAAKEFIAWLVKG
[2023-12-18 12:17:15,179][rfdiffusion.inference.model_runners][INFO] - Timestep 36, input to next step: --------------------------------------------------------------------------------------------------GTFTSDVSSYLEGQAAKEFIAWLVKG
[2023-12-18 12:17:15,674][rfdiffusion.inference.model_runners][INFO] - Timestep 35, input to next step: --------------------------------------------------------------------------------------------------GTFTSDVSSYLEGQAAKEFIAWLVKG
[2023-12-18 12:17:16,165][rfdiffusion.inference.model_runners][INFO] - Timestep 34, input to next step: --------------------------------------------------------------------------------------------------GTFTSDVSSYLEGQAAKEFIAWLVKG
[2023-12-18 12:17:16,658][rfdiffusion.inference.model_runners][INFO] - Timestep 33, input to next step: --------------------------------------------------------------------------------------------------GTFTSDVSSYLEGQAAKEFIAWLVKG
[2023-12-18 12:17:17,151][rfdiffusion.inference.model_runners][INFO] - Timestep 32, input to next step: --------------------------------------------------------------------------------------------------GTFTSDVSSYLEGQAAKEFIAWLVKG
[2023-12-18 12:17:17,648][rfdiffusion.inference.model_runners][INFO] - Timestep 31, input to next step: --------------------------------------------------------------------------------------------------GTFTSDVSSYLEGQAAKEFIAWLVKG
[2023-12-18 12:17:18,143][rfdiffusion.inference.model_runners][INFO] - Timestep 30, input to next step: --------------------------------------------------------------------------------------------------GTFTSDVSSYLEGQAAKEFIAWLVKG
[2023-12-18 12:17:18,635][rfdiffusion.inference.model_runners][INFO] - Timestep 29, input to next step: --------------------------------------------------------------------------------------------------GTFTSDVSSYLEGQAAKEFIAWLVKG
[2023-12-18 12:17:19,126][rfdiffusion.inference.model_runners][INFO] - Timestep 28, input to next step: --------------------------------------------------------------------------------------------------GTFTSDVSSYLEGQAAKEFIAWLVKG
[2023-12-18 12:17:19,877][rfdiffusion.inference.model_runners][INFO] - Timestep 27, input to next step: --------------------------------------------------------------------------------------------------GTFTSDVSSYLEGQAAKEFIAWLVKG
[2023-12-18 12:17:20,614][rfdiffusion.inference.model_runners][INFO] - Timestep 26, input to next step: --------------------------------------------------------------------------------------------------GTFTSDVSSYLEGQAAKEFIAWLVKG
[2023-12-18 12:17:21,586][rfdiffusion.inference.model_runners][INFO] - Timestep 25, input to next step: --------------------------------------------------------------------------------------------------GTFTSDVSSYLEGQAAKEFIAWLVKG
[2023-12-18 12:17:22,088][rfdiffusion.inference.model_runners][INFO] - Timestep 24, input to next step: --------------------------------------------------------------------------------------------------GTFTSDVSSYLEGQAAKEFIAWLVKG
[2023-12-18 12:17:22,581][rfdiffusion.inference.model_runners][INFO] - Timestep 23, input to next step: --------------------------------------------------------------------------------------------------GTFTSDVSSYLEGQAAKEFIAWLVKG
[2023-12-18 12:17:23,070][rfdiffusion.inference.model_runners][INFO] - Timestep 22, input to next step: --------------------------------------------------------------------------------------------------GTFTSDVSSYLEGQAAKEFIAWLVKG
[2023-12-18 12:17:23,563][rfdiffusion.inference.model_runners][INFO] - Timestep 21, input to next step: --------------------------------------------------------------------------------------------------GTFTSDVSSYLEGQAAKEFIAWLVKG
[2023-12-18 12:17:24,055][rfdiffusion.inference.model_runners][INFO] - Timestep 20, input to next step: --------------------------------------------------------------------------------------------------GTFTSDVSSYLEGQAAKEFIAWLVKG
[2023-12-18 12:17:24,547][rfdiffusion.inference.model_runners][INFO] - Timestep 19, input to next step: --------------------------------------------------------------------------------------------------GTFTSDVSSYLEGQAAKEFIAWLVKG
[2023-12-18 12:17:25,039][rfdiffusion.inference.model_runners][INFO] - Timestep 18, input to next step: --------------------------------------------------------------------------------------------------GTFTSDVSSYLEGQAAKEFIAWLVKG
[2023-12-18 12:17:25,531][rfdiffusion.inference.model_runners][INFO] - Timestep 17, input to next step: --------------------------------------------------------------------------------------------------GTFTSDVSSYLEGQAAKEFIAWLVKG
[2023-12-18 12:17:26,022][rfdiffusion.inference.model_runners][INFO] - Timestep 16, input to next step: --------------------------------------------------------------------------------------------------GTFTSDVSSYLEGQAAKEFIAWLVKG
[2023-12-18 12:17:27,027][rfdiffusion.inference.model_runners][INFO] - Timestep 15, input to next step: --------------------------------------------------------------------------------------------------GTFTSDVSSYLEGQAAKEFIAWLVKG
[2023-12-18 12:17:27,522][rfdiffusion.inference.model_runners][INFO] - Timestep 14, input to next step: --------------------------------------------------------------------------------------------------GTFTSDVSSYLEGQAAKEFIAWLVKG
[2023-12-18 12:17:28,514][rfdiffusion.inference.model_runners][INFO] - Timestep 13, input to next step: --------------------------------------------------------------------------------------------------GTFTSDVSSYLEGQAAKEFIAWLVKG
[2023-12-18 12:17:29,006][rfdiffusion.inference.model_runners][INFO] - Timestep 12, input to next step: --------------------------------------------------------------------------------------------------GTFTSDVSSYLEGQAAKEFIAWLVKG
[2023-12-18 12:17:29,495][rfdiffusion.inference.model_runners][INFO] - Timestep 11, input to next step: --------------------------------------------------------------------------------------------------GTFTSDVSSYLEGQAAKEFIAWLVKG
[2023-12-18 12:17:29,988][rfdiffusion.inference.model_runners][INFO] - Timestep 10, input to next step: --------------------------------------------------------------------------------------------------GTFTSDVSSYLEGQAAKEFIAWLVKG
[2023-12-18 12:17:30,481][rfdiffusion.inference.model_runners][INFO] - Timestep 9, input to next step: --------------------------------------------------------------------------------------------------GTFTSDVSSYLEGQAAKEFIAWLVKG
[2023-12-18 12:17:30,979][rfdiffusion.inference.model_runners][INFO] - Timestep 8, input to next step: --------------------------------------------------------------------------------------------------GTFTSDVSSYLEGQAAKEFIAWLVKG
[2023-12-18 12:17:31,475][rfdiffusion.inference.model_runners][INFO] - Timestep 7, input to next step: --------------------------------------------------------------------------------------------------GTFTSDVSSYLEGQAAKEFIAWLVKG
[2023-12-18 12:17:31,972][rfdiffusion.inference.model_runners][INFO] - Timestep 6, input to next step: --------------------------------------------------------------------------------------------------GTFTSDVSSYLEGQAAKEFIAWLVKG
[2023-12-18 12:17:32,594][rfdiffusion.inference.model_runners][INFO] - Timestep 5, input to next step: --------------------------------------------------------------------------------------------------GTFTSDVSSYLEGQAAKEFIAWLVKG
[2023-12-18 12:17:33,210][rfdiffusion.inference.model_runners][INFO] - Timestep 4, input to next step: --------------------------------------------------------------------------------------------------GTFTSDVSSYLEGQAAKEFIAWLVKG
[2023-12-18 12:17:33,821][rfdiffusion.inference.model_runners][INFO] - Timestep 3, input to next step: --------------------------------------------------------------------------------------------------GTFTSDVSSYLEGQAAKEFIAWLVKG
[2023-12-18 12:17:34,432][rfdiffusion.inference.model_runners][INFO] - Timestep 2, input to next step: --------------------------------------------------------------------------------------------------GTFTSDVSSYLEGQAAKEFIAWLVKG
[2023-12-18 12:17:35,950][__main__][INFO] - Finished design in 0.50 minutes
[2023-12-18 12:17:35,950][__main__][INFO] - Making design example_outputs/design_ppi_flexible_peptide_2
[2023-12-18 12:17:35,957][rfdiffusion.inference.model_runners][INFO] - Using contig: ['B10-35/0 70-100']
[2023-12-18 12:17:35,975][rfdiffusion.inference.model_runners][INFO] - Sequence init: -------------------------------------------------------------------------GTFTSDVSSYLEGQAAKEFIAWLVKG
[2023-12-18 12:17:36,512][rfdiffusion.inference.model_runners][INFO] - Timestep 50, input to next step: -------------------------------------------------------------------------GTFTSDVSSYLEGQAAKEFIAWLVKG
[2023-12-18 12:17:37,037][rfdiffusion.inference.model_runners][INFO] - Timestep 49, input to next step: -------------------------------------------------------------------------GTFTSDVSSYLEGQAAKEFIAWLVKG
[2023-12-18 12:17:37,563][rfdiffusion.inference.model_runners][INFO] - Timestep 48, input to next step: -------------------------------------------------------------------------GTFTSDVSSYLEGQAAKEFIAWLVKG
[2023-12-18 12:17:38,100][rfdiffusion.inference.model_runners][INFO] - Timestep 47, input to next step: -------------------------------------------------------------------------GTFTSDVSSYLEGQAAKEFIAWLVKG
[2023-12-18 12:17:38,624][rfdiffusion.inference.model_runners][INFO] - Timestep 46, input to next step: -------------------------------------------------------------------------GTFTSDVSSYLEGQAAKEFIAWLVKG
[2023-12-18 12:17:39,154][rfdiffusion.inference.model_runners][INFO] - Timestep 45, input to next step: -------------------------------------------------------------------------GTFTSDVSSYLEGQAAKEFIAWLVKG
[2023-12-18 12:17:39,680][rfdiffusion.inference.model_runners][INFO] - Timestep 44, input to next step: -------------------------------------------------------------------------GTFTSDVSSYLEGQAAKEFIAWLVKG
[2023-12-18 12:17:40,204][rfdiffusion.inference.model_runners][INFO] - Timestep 43, input to next step: -------------------------------------------------------------------------GTFTSDVSSYLEGQAAKEFIAWLVKG
[2023-12-18 12:17:40,741][rfdiffusion.inference.model_runners][INFO] - Timestep 42, input to next step: -------------------------------------------------------------------------GTFTSDVSSYLEGQAAKEFIAWLVKG
[2023-12-18 12:17:41,271][rfdiffusion.inference.model_runners][INFO] - Timestep 41, input to next step: -------------------------------------------------------------------------GTFTSDVSSYLEGQAAKEFIAWLVKG
[2023-12-18 12:17:41,795][rfdiffusion.inference.model_runners][INFO] - Timestep 40, input to next step: -------------------------------------------------------------------------GTFTSDVSSYLEGQAAKEFIAWLVKG
[2023-12-18 12:17:42,332][rfdiffusion.inference.model_runners][INFO] - Timestep 39, input to next step: -------------------------------------------------------------------------GTFTSDVSSYLEGQAAKEFIAWLVKG
[2023-12-18 12:17:42,860][rfdiffusion.inference.model_runners][INFO] - Timestep 38, input to next step: -------------------------------------------------------------------------GTFTSDVSSYLEGQAAKEFIAWLVKG
[2023-12-18 12:17:43,391][rfdiffusion.inference.model_runners][INFO] - Timestep 37, input to next step: -------------------------------------------------------------------------GTFTSDVSSYLEGQAAKEFIAWLVKG
[2023-12-18 12:17:43,924][rfdiffusion.inference.model_runners][INFO] - Timestep 36, input to next step: -------------------------------------------------------------------------GTFTSDVSSYLEGQAAKEFIAWLVKG
[2023-12-18 12:17:44,445][rfdiffusion.inference.model_runners][INFO] - Timestep 35, input to next step: -------------------------------------------------------------------------GTFTSDVSSYLEGQAAKEFIAWLVKG
[2023-12-18 12:17:44,990][rfdiffusion.inference.model_runners][INFO] - Timestep 34, input to next step: -------------------------------------------------------------------------GTFTSDVSSYLEGQAAKEFIAWLVKG
[2023-12-18 12:17:45,513][rfdiffusion.inference.model_runners][INFO] - Timestep 33, input to next step: -------------------------------------------------------------------------GTFTSDVSSYLEGQAAKEFIAWLVKG
[2023-12-18 12:17:46,039][rfdiffusion.inference.model_runners][INFO] - Timestep 32, input to next step: -------------------------------------------------------------------------GTFTSDVSSYLEGQAAKEFIAWLVKG
[2023-12-18 12:17:46,568][rfdiffusion.inference.model_runners][INFO] - Timestep 31, input to next step: -------------------------------------------------------------------------GTFTSDVSSYLEGQAAKEFIAWLVKG
[2023-12-18 12:17:47,089][rfdiffusion.inference.model_runners][INFO] - Timestep 30, input to next step: -------------------------------------------------------------------------GTFTSDVSSYLEGQAAKEFIAWLVKG
[2023-12-18 12:17:47,617][rfdiffusion.inference.model_runners][INFO] - Timestep 29, input to next step: -------------------------------------------------------------------------GTFTSDVSSYLEGQAAKEFIAWLVKG
[2023-12-18 12:17:48,588][rfdiffusion.inference.model_runners][INFO] - Timestep 28, input to next step: -------------------------------------------------------------------------GTFTSDVSSYLEGQAAKEFIAWLVKG
[2023-12-18 12:17:49,108][rfdiffusion.inference.model_runners][INFO] - Timestep 27, input to next step: -------------------------------------------------------------------------GTFTSDVSSYLEGQAAKEFIAWLVKG
[2023-12-18 12:17:50,082][rfdiffusion.inference.model_runners][INFO] - Timestep 26, input to next step: -------------------------------------------------------------------------GTFTSDVSSYLEGQAAKEFIAWLVKG
[2023-12-18 12:17:50,605][rfdiffusion.inference.model_runners][INFO] - Timestep 25, input to next step: -------------------------------------------------------------------------GTFTSDVSSYLEGQAAKEFIAWLVKG
[2023-12-18 12:17:51,129][rfdiffusion.inference.model_runners][INFO] - Timestep 24, input to next step: -------------------------------------------------------------------------GTFTSDVSSYLEGQAAKEFIAWLVKG
[2023-12-18 12:17:51,658][rfdiffusion.inference.model_runners][INFO] - Timestep 23, input to next step: -------------------------------------------------------------------------GTFTSDVSSYLEGQAAKEFIAWLVKG
[2023-12-18 12:17:52,187][rfdiffusion.inference.model_runners][INFO] - Timestep 22, input to next step: -------------------------------------------------------------------------GTFTSDVSSYLEGQAAKEFIAWLVKG
[2023-12-18 12:17:52,730][rfdiffusion.inference.model_runners][INFO] - Timestep 21, input to next step: -------------------------------------------------------------------------GTFTSDVSSYLEGQAAKEFIAWLVKG
[2023-12-18 12:17:53,253][rfdiffusion.inference.model_runners][INFO] - Timestep 20, input to next step: -------------------------------------------------------------------------GTFTSDVSSYLEGQAAKEFIAWLVKG
[2023-12-18 12:17:53,783][rfdiffusion.inference.model_runners][INFO] - Timestep 19, input to next step: -------------------------------------------------------------------------GTFTSDVSSYLEGQAAKEFIAWLVKG
[2023-12-18 12:17:54,315][rfdiffusion.inference.model_runners][INFO] - Timestep 18, input to next step: -------------------------------------------------------------------------GTFTSDVSSYLEGQAAKEFIAWLVKG
[2023-12-18 12:17:54,842][rfdiffusion.inference.model_runners][INFO] - Timestep 17, input to next step: -------------------------------------------------------------------------GTFTSDVSSYLEGQAAKEFIAWLVKG
[2023-12-18 12:17:55,371][rfdiffusion.inference.model_runners][INFO] - Timestep 16, input to next step: -------------------------------------------------------------------------GTFTSDVSSYLEGQAAKEFIAWLVKG
[2023-12-18 12:17:55,899][rfdiffusion.inference.model_runners][INFO] - Timestep 15, input to next step: -------------------------------------------------------------------------GTFTSDVSSYLEGQAAKEFIAWLVKG
[2023-12-18 12:17:56,429][rfdiffusion.inference.model_runners][INFO] - Timestep 14, input to next step: -------------------------------------------------------------------------GTFTSDVSSYLEGQAAKEFIAWLVKG
[2023-12-18 12:17:56,956][rfdiffusion.inference.model_runners][INFO] - Timestep 13, input to next step: -------------------------------------------------------------------------GTFTSDVSSYLEGQAAKEFIAWLVKG
[2023-12-18 12:17:57,479][rfdiffusion.inference.model_runners][INFO] - Timestep 12, input to next step: -------------------------------------------------------------------------GTFTSDVSSYLEGQAAKEFIAWLVKG
[2023-12-18 12:17:57,996][rfdiffusion.inference.model_runners][INFO] - Timestep 11, input to next step: -------------------------------------------------------------------------GTFTSDVSSYLEGQAAKEFIAWLVKG
[2023-12-18 12:17:58,522][rfdiffusion.inference.model_runners][INFO] - Timestep 10, input to next step: -------------------------------------------------------------------------GTFTSDVSSYLEGQAAKEFIAWLVKG
[2023-12-18 12:17:59,063][rfdiffusion.inference.model_runners][INFO] - Timestep 9, input to next step: -------------------------------------------------------------------------GTFTSDVSSYLEGQAAKEFIAWLVKG
[2023-12-18 12:18:00,014][rfdiffusion.inference.model_runners][INFO] - Timestep 8, input to next step: -------------------------------------------------------------------------GTFTSDVSSYLEGQAAKEFIAWLVKG
[2023-12-18 12:18:00,545][rfdiffusion.inference.model_runners][INFO] - Timestep 7, input to next step: -------------------------------------------------------------------------GTFTSDVSSYLEGQAAKEFIAWLVKG
[2023-12-18 12:18:01,515][rfdiffusion.inference.model_runners][INFO] - Timestep 6, input to next step: -------------------------------------------------------------------------GTFTSDVSSYLEGQAAKEFIAWLVKG
[2023-12-18 12:18:02,051][rfdiffusion.inference.model_runners][INFO] - Timestep 5, input to next step: -------------------------------------------------------------------------GTFTSDVSSYLEGQAAKEFIAWLVKG
[2023-12-18 12:18:02,553][rfdiffusion.inference.model_runners][INFO] - Timestep 4, input to next step: -------------------------------------------------------------------------GTFTSDVSSYLEGQAAKEFIAWLVKG
[2023-12-18 12:18:03,084][rfdiffusion.inference.model_runners][INFO] - Timestep 3, input to next step: -------------------------------------------------------------------------GTFTSDVSSYLEGQAAKEFIAWLVKG
[2023-12-18 12:18:03,603][rfdiffusion.inference.model_runners][INFO] - Timestep 2, input to next step: -------------------------------------------------------------------------GTFTSDVSSYLEGQAAKEFIAWLVKG
[2023-12-18 12:18:04,853][__main__][INFO] - Finished design in 0.48 minutes
[2023-12-18 12:18:04,853][__main__][INFO] - Making design example_outputs/design_ppi_flexible_peptide_3
[2023-12-18 12:18:04,859][rfdiffusion.inference.model_runners][INFO] - Using contig: ['B10-35/0 70-100']
[2023-12-18 12:18:04,876][rfdiffusion.inference.model_runners][INFO] - Sequence init: ------------------------------------------------------------------------------------------------GTFTSDVSSYLEGQAAKEFIAWLVKG
[2023-12-18 12:18:05,479][rfdiffusion.inference.model_runners][INFO] - Timestep 50, input to next step: ------------------------------------------------------------------------------------------------GTFTSDVSSYLEGQAAKEFIAWLVKG
[2023-12-18 12:18:06,086][rfdiffusion.inference.model_runners][INFO] - Timestep 49, input to next step: ------------------------------------------------------------------------------------------------GTFTSDVSSYLEGQAAKEFIAWLVKG
[2023-12-18 12:18:06,579][rfdiffusion.inference.model_runners][INFO] - Timestep 48, input to next step: ------------------------------------------------------------------------------------------------GTFTSDVSSYLEGQAAKEFIAWLVKG
[2023-12-18 12:18:07,068][rfdiffusion.inference.model_runners][INFO] - Timestep 47, input to next step: ------------------------------------------------------------------------------------------------GTFTSDVSSYLEGQAAKEFIAWLVKG
[2023-12-18 12:18:07,554][rfdiffusion.inference.model_runners][INFO] - Timestep 46, input to next step: ------------------------------------------------------------------------------------------------GTFTSDVSSYLEGQAAKEFIAWLVKG
[2023-12-18 12:18:08,038][rfdiffusion.inference.model_runners][INFO] - Timestep 45, input to next step: ------------------------------------------------------------------------------------------------GTFTSDVSSYLEGQAAKEFIAWLVKG
[2023-12-18 12:18:08,520][rfdiffusion.inference.model_runners][INFO] - Timestep 44, input to next step: ------------------------------------------------------------------------------------------------GTFTSDVSSYLEGQAAKEFIAWLVKG
[2023-12-18 12:18:09,010][rfdiffusion.inference.model_runners][INFO] - Timestep 43, input to next step: ------------------------------------------------------------------------------------------------GTFTSDVSSYLEGQAAKEFIAWLVKG
[2023-12-18 12:18:09,498][rfdiffusion.inference.model_runners][INFO] - Timestep 42, input to next step: ------------------------------------------------------------------------------------------------GTFTSDVSSYLEGQAAKEFIAWLVKG
[2023-12-18 12:18:09,984][rfdiffusion.inference.model_runners][INFO] - Timestep 41, input to next step: ------------------------------------------------------------------------------------------------GTFTSDVSSYLEGQAAKEFIAWLVKG
[2023-12-18 12:18:10,470][rfdiffusion.inference.model_runners][INFO] - Timestep 40, input to next step: ------------------------------------------------------------------------------------------------GTFTSDVSSYLEGQAAKEFIAWLVKG
[2023-12-18 12:18:11,437][rfdiffusion.inference.model_runners][INFO] - Timestep 39, input to next step: ------------------------------------------------------------------------------------------------GTFTSDVSSYLEGQAAKEFIAWLVKG
[2023-12-18 12:18:11,943][rfdiffusion.inference.model_runners][INFO] - Timestep 38, input to next step: ------------------------------------------------------------------------------------------------GTFTSDVSSYLEGQAAKEFIAWLVKG
[2023-12-18 12:18:12,928][rfdiffusion.inference.model_runners][INFO] - Timestep 37, input to next step: ------------------------------------------------------------------------------------------------GTFTSDVSSYLEGQAAKEFIAWLVKG
[2023-12-18 12:18:13,424][rfdiffusion.inference.model_runners][INFO] - Timestep 36, input to next step: ------------------------------------------------------------------------------------------------GTFTSDVSSYLEGQAAKEFIAWLVKG
[2023-12-18 12:18:13,908][rfdiffusion.inference.model_runners][INFO] - Timestep 35, input to next step: ------------------------------------------------------------------------------------------------GTFTSDVSSYLEGQAAKEFIAWLVKG
[2023-12-18 12:18:14,392][rfdiffusion.inference.model_runners][INFO] - Timestep 34, input to next step: ------------------------------------------------------------------------------------------------GTFTSDVSSYLEGQAAKEFIAWLVKG
[2023-12-18 12:18:14,875][rfdiffusion.inference.model_runners][INFO] - Timestep 33, input to next step: ------------------------------------------------------------------------------------------------GTFTSDVSSYLEGQAAKEFIAWLVKG
[2023-12-18 12:18:15,357][rfdiffusion.inference.model_runners][INFO] - Timestep 32, input to next step: ------------------------------------------------------------------------------------------------GTFTSDVSSYLEGQAAKEFIAWLVKG
[2023-12-18 12:18:15,841][rfdiffusion.inference.model_runners][INFO] - Timestep 31, input to next step: ------------------------------------------------------------------------------------------------GTFTSDVSSYLEGQAAKEFIAWLVKG
[2023-12-18 12:18:16,324][rfdiffusion.inference.model_runners][INFO] - Timestep 30, input to next step: ------------------------------------------------------------------------------------------------GTFTSDVSSYLEGQAAKEFIAWLVKG
[2023-12-18 12:18:16,807][rfdiffusion.inference.model_runners][INFO] - Timestep 29, input to next step: ------------------------------------------------------------------------------------------------GTFTSDVSSYLEGQAAKEFIAWLVKG
[2023-12-18 12:18:17,296][rfdiffusion.inference.model_runners][INFO] - Timestep 28, input to next step: ------------------------------------------------------------------------------------------------GTFTSDVSSYLEGQAAKEFIAWLVKG
[2023-12-18 12:18:18,305][rfdiffusion.inference.model_runners][INFO] - Timestep 27, input to next step: ------------------------------------------------------------------------------------------------GTFTSDVSSYLEGQAAKEFIAWLVKG
[2023-12-18 12:18:18,887][rfdiffusion.inference.model_runners][INFO] - Timestep 26, input to next step: ------------------------------------------------------------------------------------------------GTFTSDVSSYLEGQAAKEFIAWLVKG
[2023-12-18 12:18:19,767][rfdiffusion.inference.model_runners][INFO] - Timestep 25, input to next step: ------------------------------------------------------------------------------------------------GTFTSDVSSYLEGQAAKEFIAWLVKG
[2023-12-18 12:18:20,254][rfdiffusion.inference.model_runners][INFO] - Timestep 24, input to next step: ------------------------------------------------------------------------------------------------GTFTSDVSSYLEGQAAKEFIAWLVKG
[2023-12-18 12:18:20,745][rfdiffusion.inference.model_runners][INFO] - Timestep 23, input to next step: ------------------------------------------------------------------------------------------------GTFTSDVSSYLEGQAAKEFIAWLVKG
[2023-12-18 12:18:21,233][rfdiffusion.inference.model_runners][INFO] - Timestep 22, input to next step: ------------------------------------------------------------------------------------------------GTFTSDVSSYLEGQAAKEFIAWLVKG
[2023-12-18 12:18:21,724][rfdiffusion.inference.model_runners][INFO] - Timestep 21, input to next step: ------------------------------------------------------------------------------------------------GTFTSDVSSYLEGQAAKEFIAWLVKG
[2023-12-18 12:18:22,212][rfdiffusion.inference.model_runners][INFO] - Timestep 20, input to next step: ------------------------------------------------------------------------------------------------GTFTSDVSSYLEGQAAKEFIAWLVKG
[2023-12-18 12:18:22,701][rfdiffusion.inference.model_runners][INFO] - Timestep 19, input to next step: ------------------------------------------------------------------------------------------------GTFTSDVSSYLEGQAAKEFIAWLVKG
[2023-12-18 12:18:23,191][rfdiffusion.inference.model_runners][INFO] - Timestep 18, input to next step: ------------------------------------------------------------------------------------------------GTFTSDVSSYLEGQAAKEFIAWLVKG
[2023-12-18 12:18:23,689][rfdiffusion.inference.model_runners][INFO] - Timestep 17, input to next step: ------------------------------------------------------------------------------------------------GTFTSDVSSYLEGQAAKEFIAWLVKG
[2023-12-18 12:18:24,706][rfdiffusion.inference.model_runners][INFO] - Timestep 16, input to next step: ------------------------------------------------------------------------------------------------GTFTSDVSSYLEGQAAKEFIAWLVKG
[2023-12-18 12:18:25,203][rfdiffusion.inference.model_runners][INFO] - Timestep 15, input to next step: ------------------------------------------------------------------------------------------------GTFTSDVSSYLEGQAAKEFIAWLVKG
[2023-12-18 12:18:26,192][rfdiffusion.inference.model_runners][INFO] - Timestep 14, input to next step: ------------------------------------------------------------------------------------------------GTFTSDVSSYLEGQAAKEFIAWLVKG
[2023-12-18 12:18:26,684][rfdiffusion.inference.model_runners][INFO] - Timestep 13, input to next step: ------------------------------------------------------------------------------------------------GTFTSDVSSYLEGQAAKEFIAWLVKG
[2023-12-18 12:18:27,171][rfdiffusion.inference.model_runners][INFO] - Timestep 12, input to next step: ------------------------------------------------------------------------------------------------GTFTSDVSSYLEGQAAKEFIAWLVKG
[2023-12-18 12:18:27,658][rfdiffusion.inference.model_runners][INFO] - Timestep 11, input to next step: ------------------------------------------------------------------------------------------------GTFTSDVSSYLEGQAAKEFIAWLVKG
[2023-12-18 12:18:28,149][rfdiffusion.inference.model_runners][INFO] - Timestep 10, input to next step: ------------------------------------------------------------------------------------------------GTFTSDVSSYLEGQAAKEFIAWLVKG
[2023-12-18 12:18:28,648][rfdiffusion.inference.model_runners][INFO] - Timestep 9, input to next step: ------------------------------------------------------------------------------------------------GTFTSDVSSYLEGQAAKEFIAWLVKG
[2023-12-18 12:18:29,141][rfdiffusion.inference.model_runners][INFO] - Timestep 8, input to next step: ------------------------------------------------------------------------------------------------GTFTSDVSSYLEGQAAKEFIAWLVKG
[2023-12-18 12:18:29,634][rfdiffusion.inference.model_runners][INFO] - Timestep 7, input to next step: ------------------------------------------------------------------------------------------------GTFTSDVSSYLEGQAAKEFIAWLVKG
[2023-12-18 12:18:30,124][rfdiffusion.inference.model_runners][INFO] - Timestep 6, input to next step: ------------------------------------------------------------------------------------------------GTFTSDVSSYLEGQAAKEFIAWLVKG
[2023-12-18 12:18:30,617][rfdiffusion.inference.model_runners][INFO] - Timestep 5, input to next step: ------------------------------------------------------------------------------------------------GTFTSDVSSYLEGQAAKEFIAWLVKG
[2023-12-18 12:18:31,105][rfdiffusion.inference.model_runners][INFO] - Timestep 4, input to next step: ------------------------------------------------------------------------------------------------GTFTSDVSSYLEGQAAKEFIAWLVKG
[2023-12-18 12:18:31,596][rfdiffusion.inference.model_runners][INFO] - Timestep 3, input to next step: ------------------------------------------------------------------------------------------------GTFTSDVSSYLEGQAAKEFIAWLVKG
[2023-12-18 12:18:32,084][rfdiffusion.inference.model_runners][INFO] - Timestep 2, input to next step: ------------------------------------------------------------------------------------------------GTFTSDVSSYLEGQAAKEFIAWLVKG
[2023-12-18 12:18:33,409][__main__][INFO] - Finished design in 0.48 minutes
[2023-12-18 12:18:33,409][__main__][INFO] - Making design example_outputs/design_ppi_flexible_peptide_4
[2023-12-18 12:18:33,415][rfdiffusion.inference.model_runners][INFO] - Using contig: ['B10-35/0 70-100']
[2023-12-18 12:18:33,431][rfdiffusion.inference.model_runners][INFO] - Sequence init: ---------------------------------------------------------------------------------------------GTFTSDVSSYLEGQAAKEFIAWLVKG
[2023-12-18 12:18:33,906][rfdiffusion.inference.model_runners][INFO] - Timestep 50, input to next step: ---------------------------------------------------------------------------------------------GTFTSDVSSYLEGQAAKEFIAWLVKG
[2023-12-18 12:18:34,384][rfdiffusion.inference.model_runners][INFO] - Timestep 49, input to next step: ---------------------------------------------------------------------------------------------GTFTSDVSSYLEGQAAKEFIAWLVKG
[2023-12-18 12:18:34,862][rfdiffusion.inference.model_runners][INFO] - Timestep 48, input to next step: ---------------------------------------------------------------------------------------------GTFTSDVSSYLEGQAAKEFIAWLVKG
[2023-12-18 12:18:35,338][rfdiffusion.inference.model_runners][INFO] - Timestep 47, input to next step: ---------------------------------------------------------------------------------------------GTFTSDVSSYLEGQAAKEFIAWLVKG
[2023-12-18 12:18:36,323][rfdiffusion.inference.model_runners][INFO] - Timestep 46, input to next step: ---------------------------------------------------------------------------------------------GTFTSDVSSYLEGQAAKEFIAWLVKG
[2023-12-18 12:18:36,802][rfdiffusion.inference.model_runners][INFO] - Timestep 45, input to next step: ---------------------------------------------------------------------------------------------GTFTSDVSSYLEGQAAKEFIAWLVKG
[2023-12-18 12:18:37,778][rfdiffusion.inference.model_runners][INFO] - Timestep 44, input to next step: ---------------------------------------------------------------------------------------------GTFTSDVSSYLEGQAAKEFIAWLVKG
[2023-12-18 12:18:38,259][rfdiffusion.inference.model_runners][INFO] - Timestep 43, input to next step: ---------------------------------------------------------------------------------------------GTFTSDVSSYLEGQAAKEFIAWLVKG
[2023-12-18 12:18:38,740][rfdiffusion.inference.model_runners][INFO] - Timestep 42, input to next step: ---------------------------------------------------------------------------------------------GTFTSDVSSYLEGQAAKEFIAWLVKG
[2023-12-18 12:18:39,220][rfdiffusion.inference.model_runners][INFO] - Timestep 41, input to next step: ---------------------------------------------------------------------------------------------GTFTSDVSSYLEGQAAKEFIAWLVKG
[2023-12-18 12:18:39,700][rfdiffusion.inference.model_runners][INFO] - Timestep 40, input to next step: ---------------------------------------------------------------------------------------------GTFTSDVSSYLEGQAAKEFIAWLVKG
[2023-12-18 12:18:40,184][rfdiffusion.inference.model_runners][INFO] - Timestep 39, input to next step: ---------------------------------------------------------------------------------------------GTFTSDVSSYLEGQAAKEFIAWLVKG
[2023-12-18 12:18:40,659][rfdiffusion.inference.model_runners][INFO] - Timestep 38, input to next step: ---------------------------------------------------------------------------------------------GTFTSDVSSYLEGQAAKEFIAWLVKG
[2023-12-18 12:18:41,137][rfdiffusion.inference.model_runners][INFO] - Timestep 37, input to next step: ---------------------------------------------------------------------------------------------GTFTSDVSSYLEGQAAKEFIAWLVKG
[2023-12-18 12:18:41,617][rfdiffusion.inference.model_runners][INFO] - Timestep 36, input to next step: ---------------------------------------------------------------------------------------------GTFTSDVSSYLEGQAAKEFIAWLVKG
[2023-12-18 12:18:42,095][rfdiffusion.inference.model_runners][INFO] - Timestep 35, input to next step: ---------------------------------------------------------------------------------------------GTFTSDVSSYLEGQAAKEFIAWLVKG
[2023-12-18 12:18:42,573][rfdiffusion.inference.model_runners][INFO] - Timestep 34, input to next step: ---------------------------------------------------------------------------------------------GTFTSDVSSYLEGQAAKEFIAWLVKG
[2023-12-18 12:18:43,053][rfdiffusion.inference.model_runners][INFO] - Timestep 33, input to next step: ---------------------------------------------------------------------------------------------GTFTSDVSSYLEGQAAKEFIAWLVKG
[2023-12-18 12:18:43,532][rfdiffusion.inference.model_runners][INFO] - Timestep 32, input to next step: ---------------------------------------------------------------------------------------------GTFTSDVSSYLEGQAAKEFIAWLVKG
[2023-12-18 12:18:44,009][rfdiffusion.inference.model_runners][INFO] - Timestep 31, input to next step: ---------------------------------------------------------------------------------------------GTFTSDVSSYLEGQAAKEFIAWLVKG
[2023-12-18 12:18:44,487][rfdiffusion.inference.model_runners][INFO] - Timestep 30, input to next step: ---------------------------------------------------------------------------------------------GTFTSDVSSYLEGQAAKEFIAWLVKG
[2023-12-18 12:18:44,967][rfdiffusion.inference.model_runners][INFO] - Timestep 29, input to next step: ---------------------------------------------------------------------------------------------GTFTSDVSSYLEGQAAKEFIAWLVKG
[2023-12-18 12:18:45,445][rfdiffusion.inference.model_runners][INFO] - Timestep 28, input to next step: ---------------------------------------------------------------------------------------------GTFTSDVSSYLEGQAAKEFIAWLVKG
[2023-12-18 12:18:45,924][rfdiffusion.inference.model_runners][INFO] - Timestep 27, input to next step: ---------------------------------------------------------------------------------------------GTFTSDVSSYLEGQAAKEFIAWLVKG
[2023-12-18 12:18:46,401][rfdiffusion.inference.model_runners][INFO] - Timestep 26, input to next step: ---------------------------------------------------------------------------------------------GTFTSDVSSYLEGQAAKEFIAWLVKG
[2023-12-18 12:18:46,878][rfdiffusion.inference.model_runners][INFO] - Timestep 25, input to next step: ---------------------------------------------------------------------------------------------GTFTSDVSSYLEGQAAKEFIAWLVKG
[2023-12-18 12:18:47,359][rfdiffusion.inference.model_runners][INFO] - Timestep 24, input to next step: ---------------------------------------------------------------------------------------------GTFTSDVSSYLEGQAAKEFIAWLVKG
[2023-12-18 12:18:47,838][rfdiffusion.inference.model_runners][INFO] - Timestep 23, input to next step: ---------------------------------------------------------------------------------------------GTFTSDVSSYLEGQAAKEFIAWLVKG
[2023-12-18 12:18:48,317][rfdiffusion.inference.model_runners][INFO] - Timestep 22, input to next step: ---------------------------------------------------------------------------------------------GTFTSDVSSYLEGQAAKEFIAWLVKG
[2023-12-18 12:18:48,793][rfdiffusion.inference.model_runners][INFO] - Timestep 21, input to next step: ---------------------------------------------------------------------------------------------GTFTSDVSSYLEGQAAKEFIAWLVKG
[2023-12-18 12:18:49,270][rfdiffusion.inference.model_runners][INFO] - Timestep 20, input to next step: ---------------------------------------------------------------------------------------------GTFTSDVSSYLEGQAAKEFIAWLVKG
[2023-12-18 12:18:49,751][rfdiffusion.inference.model_runners][INFO] - Timestep 19, input to next step: ---------------------------------------------------------------------------------------------GTFTSDVSSYLEGQAAKEFIAWLVKG
[2023-12-18 12:18:50,226][rfdiffusion.inference.model_runners][INFO] - Timestep 18, input to next step: ---------------------------------------------------------------------------------------------GTFTSDVSSYLEGQAAKEFIAWLVKG
[2023-12-18 12:18:50,702][rfdiffusion.inference.model_runners][INFO] - Timestep 17, input to next step: ---------------------------------------------------------------------------------------------GTFTSDVSSYLEGQAAKEFIAWLVKG
[2023-12-18 12:18:51,178][rfdiffusion.inference.model_runners][INFO] - Timestep 16, input to next step: ---------------------------------------------------------------------------------------------GTFTSDVSSYLEGQAAKEFIAWLVKG
[2023-12-18 12:18:51,658][rfdiffusion.inference.model_runners][INFO] - Timestep 15, input to next step: ---------------------------------------------------------------------------------------------GTFTSDVSSYLEGQAAKEFIAWLVKG
[2023-12-18 12:18:52,134][rfdiffusion.inference.model_runners][INFO] - Timestep 14, input to next step: ---------------------------------------------------------------------------------------------GTFTSDVSSYLEGQAAKEFIAWLVKG
[2023-12-18 12:18:53,117][rfdiffusion.inference.model_runners][INFO] - Timestep 13, input to next step: ---------------------------------------------------------------------------------------------GTFTSDVSSYLEGQAAKEFIAWLVKG
[2023-12-18 12:18:53,594][rfdiffusion.inference.model_runners][INFO] - Timestep 12, input to next step: ---------------------------------------------------------------------------------------------GTFTSDVSSYLEGQAAKEFIAWLVKG
[2023-12-18 12:18:54,563][rfdiffusion.inference.model_runners][INFO] - Timestep 11, input to next step: ---------------------------------------------------------------------------------------------GTFTSDVSSYLEGQAAKEFIAWLVKG
[2023-12-18 12:18:55,048][rfdiffusion.inference.model_runners][INFO] - Timestep 10, input to next step: ---------------------------------------------------------------------------------------------GTFTSDVSSYLEGQAAKEFIAWLVKG
[2023-12-18 12:18:55,530][rfdiffusion.inference.model_runners][INFO] - Timestep 9, input to next step: ---------------------------------------------------------------------------------------------GTFTSDVSSYLEGQAAKEFIAWLVKG
[2023-12-18 12:18:56,011][rfdiffusion.inference.model_runners][INFO] - Timestep 8, input to next step: ---------------------------------------------------------------------------------------------GTFTSDVSSYLEGQAAKEFIAWLVKG
[2023-12-18 12:18:56,489][rfdiffusion.inference.model_runners][INFO] - Timestep 7, input to next step: ---------------------------------------------------------------------------------------------GTFTSDVSSYLEGQAAKEFIAWLVKG
[2023-12-18 12:18:56,976][rfdiffusion.inference.model_runners][INFO] - Timestep 6, input to next step: ---------------------------------------------------------------------------------------------GTFTSDVSSYLEGQAAKEFIAWLVKG
[2023-12-18 12:18:57,458][rfdiffusion.inference.model_runners][INFO] - Timestep 5, input to next step: ---------------------------------------------------------------------------------------------GTFTSDVSSYLEGQAAKEFIAWLVKG
[2023-12-18 12:18:57,943][rfdiffusion.inference.model_runners][INFO] - Timestep 4, input to next step: ---------------------------------------------------------------------------------------------GTFTSDVSSYLEGQAAKEFIAWLVKG
[2023-12-18 12:18:58,428][rfdiffusion.inference.model_runners][INFO] - Timestep 3, input to next step: ---------------------------------------------------------------------------------------------GTFTSDVSSYLEGQAAKEFIAWLVKG
[2023-12-18 12:18:58,911][rfdiffusion.inference.model_runners][INFO] - Timestep 2, input to next step: ---------------------------------------------------------------------------------------------GTFTSDVSSYLEGQAAKEFIAWLVKG
[2023-12-18 12:19:00,203][__main__][INFO] - Finished design in 0.45 minutes
[2023-12-18 12:19:00,203][__main__][INFO] - Making design example_outputs/design_ppi_flexible_peptide_5
[2023-12-18 12:19:00,209][rfdiffusion.inference.model_runners][INFO] - Using contig: ['B10-35/0 70-100']
[2023-12-18 12:19:00,223][rfdiffusion.inference.model_runners][INFO] - Sequence init: ------------------------------------------------------------------------------GTFTSDVSSYLEGQAAKEFIAWLVKG
[2023-12-18 12:19:00,645][rfdiffusion.inference.model_runners][INFO] - Timestep 50, input to next step: ------------------------------------------------------------------------------GTFTSDVSSYLEGQAAKEFIAWLVKG
[2023-12-18 12:19:01,074][rfdiffusion.inference.model_runners][INFO] - Timestep 49, input to next step: ------------------------------------------------------------------------------GTFTSDVSSYLEGQAAKEFIAWLVKG
[2023-12-18 12:19:01,499][rfdiffusion.inference.model_runners][INFO] - Timestep 48, input to next step: ------------------------------------------------------------------------------GTFTSDVSSYLEGQAAKEFIAWLVKG
[2023-12-18 12:19:01,923][rfdiffusion.inference.model_runners][INFO] - Timestep 47, input to next step: ------------------------------------------------------------------------------GTFTSDVSSYLEGQAAKEFIAWLVKG
[2023-12-18 12:19:02,357][rfdiffusion.inference.model_runners][INFO] - Timestep 46, input to next step: ------------------------------------------------------------------------------GTFTSDVSSYLEGQAAKEFIAWLVKG
[2023-12-18 12:19:02,780][rfdiffusion.inference.model_runners][INFO] - Timestep 45, input to next step: ------------------------------------------------------------------------------GTFTSDVSSYLEGQAAKEFIAWLVKG
[2023-12-18 12:19:03,209][rfdiffusion.inference.model_runners][INFO] - Timestep 44, input to next step: ------------------------------------------------------------------------------GTFTSDVSSYLEGQAAKEFIAWLVKG
[2023-12-18 12:19:03,633][rfdiffusion.inference.model_runners][INFO] - Timestep 43, input to next step: ------------------------------------------------------------------------------GTFTSDVSSYLEGQAAKEFIAWLVKG
[2023-12-18 12:19:04,059][rfdiffusion.inference.model_runners][INFO] - Timestep 42, input to next step: ------------------------------------------------------------------------------GTFTSDVSSYLEGQAAKEFIAWLVKG
[2023-12-18 12:19:04,486][rfdiffusion.inference.model_runners][INFO] - Timestep 41, input to next step: ------------------------------------------------------------------------------GTFTSDVSSYLEGQAAKEFIAWLVKG
[2023-12-18 12:19:04,912][rfdiffusion.inference.model_runners][INFO] - Timestep 40, input to next step: ------------------------------------------------------------------------------GTFTSDVSSYLEGQAAKEFIAWLVKG
[2023-12-18 12:19:05,339][rfdiffusion.inference.model_runners][INFO] - Timestep 39, input to next step: ------------------------------------------------------------------------------GTFTSDVSSYLEGQAAKEFIAWLVKG
[2023-12-18 12:19:05,779][rfdiffusion.inference.model_runners][INFO] - Timestep 38, input to next step: ------------------------------------------------------------------------------GTFTSDVSSYLEGQAAKEFIAWLVKG
[2023-12-18 12:19:06,205][rfdiffusion.inference.model_runners][INFO] - Timestep 37, input to next step: ------------------------------------------------------------------------------GTFTSDVSSYLEGQAAKEFIAWLVKG
[2023-12-18 12:19:06,636][rfdiffusion.inference.model_runners][INFO] - Timestep 36, input to next step: ------------------------------------------------------------------------------GTFTSDVSSYLEGQAAKEFIAWLVKG
[2023-12-18 12:19:07,070][rfdiffusion.inference.model_runners][INFO] - Timestep 35, input to next step: ------------------------------------------------------------------------------GTFTSDVSSYLEGQAAKEFIAWLVKG
[2023-12-18 12:19:07,500][rfdiffusion.inference.model_runners][INFO] - Timestep 34, input to next step: ------------------------------------------------------------------------------GTFTSDVSSYLEGQAAKEFIAWLVKG
[2023-12-18 12:19:07,924][rfdiffusion.inference.model_runners][INFO] - Timestep 33, input to next step: ------------------------------------------------------------------------------GTFTSDVSSYLEGQAAKEFIAWLVKG
[2023-12-18 12:19:08,349][rfdiffusion.inference.model_runners][INFO] - Timestep 32, input to next step: ------------------------------------------------------------------------------GTFTSDVSSYLEGQAAKEFIAWLVKG
[2023-12-18 12:19:08,771][rfdiffusion.inference.model_runners][INFO] - Timestep 31, input to next step: ------------------------------------------------------------------------------GTFTSDVSSYLEGQAAKEFIAWLVKG
[2023-12-18 12:19:09,195][rfdiffusion.inference.model_runners][INFO] - Timestep 30, input to next step: ------------------------------------------------------------------------------GTFTSDVSSYLEGQAAKEFIAWLVKG
[2023-12-18 12:19:09,625][rfdiffusion.inference.model_runners][INFO] - Timestep 29, input to next step: ------------------------------------------------------------------------------GTFTSDVSSYLEGQAAKEFIAWLVKG
[2023-12-18 12:19:10,048][rfdiffusion.inference.model_runners][INFO] - Timestep 28, input to next step: ------------------------------------------------------------------------------GTFTSDVSSYLEGQAAKEFIAWLVKG
[2023-12-18 12:19:10,471][rfdiffusion.inference.model_runners][INFO] - Timestep 27, input to next step: ------------------------------------------------------------------------------GTFTSDVSSYLEGQAAKEFIAWLVKG
[2023-12-18 12:19:11,021][rfdiffusion.inference.model_runners][INFO] - Timestep 26, input to next step: ------------------------------------------------------------------------------GTFTSDVSSYLEGQAAKEFIAWLVKG
[2023-12-18 12:19:11,564][rfdiffusion.inference.model_runners][INFO] - Timestep 25, input to next step: ------------------------------------------------------------------------------GTFTSDVSSYLEGQAAKEFIAWLVKG
[2023-12-18 12:19:12,104][rfdiffusion.inference.model_runners][INFO] - Timestep 24, input to next step: ------------------------------------------------------------------------------GTFTSDVSSYLEGQAAKEFIAWLVKG
[2023-12-18 12:19:12,616][rfdiffusion.inference.model_runners][INFO] - Timestep 23, input to next step: ------------------------------------------------------------------------------GTFTSDVSSYLEGQAAKEFIAWLVKG
[2023-12-18 12:19:13,132][rfdiffusion.inference.model_runners][INFO] - Timestep 22, input to next step: ------------------------------------------------------------------------------GTFTSDVSSYLEGQAAKEFIAWLVKG
[2023-12-18 12:19:13,674][rfdiffusion.inference.model_runners][INFO] - Timestep 21, input to next step: ------------------------------------------------------------------------------GTFTSDVSSYLEGQAAKEFIAWLVKG
[2023-12-18 12:19:14,209][rfdiffusion.inference.model_runners][INFO] - Timestep 20, input to next step: ------------------------------------------------------------------------------GTFTSDVSSYLEGQAAKEFIAWLVKG
[2023-12-18 12:19:14,750][rfdiffusion.inference.model_runners][INFO] - Timestep 19, input to next step: ------------------------------------------------------------------------------GTFTSDVSSYLEGQAAKEFIAWLVKG
[2023-12-18 12:19:15,297][rfdiffusion.inference.model_runners][INFO] - Timestep 18, input to next step: ------------------------------------------------------------------------------GTFTSDVSSYLEGQAAKEFIAWLVKG
[2023-12-18 12:19:15,842][rfdiffusion.inference.model_runners][INFO] - Timestep 17, input to next step: ------------------------------------------------------------------------------GTFTSDVSSYLEGQAAKEFIAWLVKG
[2023-12-18 12:19:16,383][rfdiffusion.inference.model_runners][INFO] - Timestep 16, input to next step: ------------------------------------------------------------------------------GTFTSDVSSYLEGQAAKEFIAWLVKG
[2023-12-18 12:19:16,916][rfdiffusion.inference.model_runners][INFO] - Timestep 15, input to next step: ------------------------------------------------------------------------------GTFTSDVSSYLEGQAAKEFIAWLVKG
[2023-12-18 12:19:17,460][rfdiffusion.inference.model_runners][INFO] - Timestep 14, input to next step: ------------------------------------------------------------------------------GTFTSDVSSYLEGQAAKEFIAWLVKG
[2023-12-18 12:19:17,998][rfdiffusion.inference.model_runners][INFO] - Timestep 13, input to next step: ------------------------------------------------------------------------------GTFTSDVSSYLEGQAAKEFIAWLVKG
[2023-12-18 12:19:18,540][rfdiffusion.inference.model_runners][INFO] - Timestep 12, input to next step: ------------------------------------------------------------------------------GTFTSDVSSYLEGQAAKEFIAWLVKG
[2023-12-18 12:19:19,102][rfdiffusion.inference.model_runners][INFO] - Timestep 11, input to next step: ------------------------------------------------------------------------------GTFTSDVSSYLEGQAAKEFIAWLVKG
[2023-12-18 12:19:19,660][rfdiffusion.inference.model_runners][INFO] - Timestep 10, input to next step: ------------------------------------------------------------------------------GTFTSDVSSYLEGQAAKEFIAWLVKG
[2023-12-18 12:19:20,197][rfdiffusion.inference.model_runners][INFO] - Timestep 9, input to next step: ------------------------------------------------------------------------------GTFTSDVSSYLEGQAAKEFIAWLVKG
[2023-12-18 12:19:20,746][rfdiffusion.inference.model_runners][INFO] - Timestep 8, input to next step: ------------------------------------------------------------------------------GTFTSDVSSYLEGQAAKEFIAWLVKG
[2023-12-18 12:19:21,167][rfdiffusion.inference.model_runners][INFO] - Timestep 7, input to next step: ------------------------------------------------------------------------------GTFTSDVSSYLEGQAAKEFIAWLVKG
[2023-12-18 12:19:21,592][rfdiffusion.inference.model_runners][INFO] - Timestep 6, input to next step: ------------------------------------------------------------------------------GTFTSDVSSYLEGQAAKEFIAWLVKG
[2023-12-18 12:19:22,019][rfdiffusion.inference.model_runners][INFO] - Timestep 5, input to next step: ------------------------------------------------------------------------------GTFTSDVSSYLEGQAAKEFIAWLVKG
[2023-12-18 12:19:22,442][rfdiffusion.inference.model_runners][INFO] - Timestep 4, input to next step: ------------------------------------------------------------------------------GTFTSDVSSYLEGQAAKEFIAWLVKG
[2023-12-18 12:19:22,865][rfdiffusion.inference.model_runners][INFO] - Timestep 3, input to next step: ------------------------------------------------------------------------------GTFTSDVSSYLEGQAAKEFIAWLVKG
[2023-12-18 12:19:23,289][rfdiffusion.inference.model_runners][INFO] - Timestep 2, input to next step: ------------------------------------------------------------------------------GTFTSDVSSYLEGQAAKEFIAWLVKG
[2023-12-18 12:19:24,669][__main__][INFO] - Finished design in 0.41 minutes
[2023-12-18 12:19:24,669][__main__][INFO] - Making design example_outputs/design_ppi_flexible_peptide_6
[2023-12-18 12:19:24,677][rfdiffusion.inference.model_runners][INFO] - Using contig: ['B10-35/0 70-100']
[2023-12-18 12:19:24,698][rfdiffusion.inference.model_runners][INFO] - Sequence init: --------------------------------------------------------------------------------GTFTSDVSSYLEGQAAKEFIAWLVKG
[2023-12-18 12:19:25,194][rfdiffusion.inference.model_runners][INFO] - Timestep 50, input to next step: --------------------------------------------------------------------------------GTFTSDVSSYLEGQAAKEFIAWLVKG
[2023-12-18 12:19:26,130][rfdiffusion.inference.model_runners][INFO] - Timestep 49, input to next step: --------------------------------------------------------------------------------GTFTSDVSSYLEGQAAKEFIAWLVKG
[2023-12-18 12:19:26,616][rfdiffusion.inference.model_runners][INFO] - Timestep 48, input to next step: --------------------------------------------------------------------------------GTFTSDVSSYLEGQAAKEFIAWLVKG
[2023-12-18 12:19:27,105][rfdiffusion.inference.model_runners][INFO] - Timestep 47, input to next step: --------------------------------------------------------------------------------GTFTSDVSSYLEGQAAKEFIAWLVKG
[2023-12-18 12:19:27,956][rfdiffusion.inference.model_runners][INFO] - Timestep 46, input to next step: --------------------------------------------------------------------------------GTFTSDVSSYLEGQAAKEFIAWLVKG
[2023-12-18 12:19:28,404][rfdiffusion.inference.model_runners][INFO] - Timestep 45, input to next step: --------------------------------------------------------------------------------GTFTSDVSSYLEGQAAKEFIAWLVKG
[2023-12-18 12:19:28,846][rfdiffusion.inference.model_runners][INFO] - Timestep 44, input to next step: --------------------------------------------------------------------------------GTFTSDVSSYLEGQAAKEFIAWLVKG
[2023-12-18 12:19:29,298][rfdiffusion.inference.model_runners][INFO] - Timestep 43, input to next step: --------------------------------------------------------------------------------GTFTSDVSSYLEGQAAKEFIAWLVKG
[2023-12-18 12:19:29,764][rfdiffusion.inference.model_runners][INFO] - Timestep 42, input to next step: --------------------------------------------------------------------------------GTFTSDVSSYLEGQAAKEFIAWLVKG
[2023-12-18 12:19:30,208][rfdiffusion.inference.model_runners][INFO] - Timestep 41, input to next step: --------------------------------------------------------------------------------GTFTSDVSSYLEGQAAKEFIAWLVKG
[2023-12-18 12:19:30,664][rfdiffusion.inference.model_runners][INFO] - Timestep 40, input to next step: --------------------------------------------------------------------------------GTFTSDVSSYLEGQAAKEFIAWLVKG
[2023-12-18 12:19:31,102][rfdiffusion.inference.model_runners][INFO] - Timestep 39, input to next step: --------------------------------------------------------------------------------GTFTSDVSSYLEGQAAKEFIAWLVKG
[2023-12-18 12:19:31,541][rfdiffusion.inference.model_runners][INFO] - Timestep 38, input to next step: --------------------------------------------------------------------------------GTFTSDVSSYLEGQAAKEFIAWLVKG
[2023-12-18 12:19:31,977][rfdiffusion.inference.model_runners][INFO] - Timestep 37, input to next step: --------------------------------------------------------------------------------GTFTSDVSSYLEGQAAKEFIAWLVKG
[2023-12-18 12:19:32,419][rfdiffusion.inference.model_runners][INFO] - Timestep 36, input to next step: --------------------------------------------------------------------------------GTFTSDVSSYLEGQAAKEFIAWLVKG
[2023-12-18 12:19:32,858][rfdiffusion.inference.model_runners][INFO] - Timestep 35, input to next step: --------------------------------------------------------------------------------GTFTSDVSSYLEGQAAKEFIAWLVKG
[2023-12-18 12:19:33,296][rfdiffusion.inference.model_runners][INFO] - Timestep 34, input to next step: --------------------------------------------------------------------------------GTFTSDVSSYLEGQAAKEFIAWLVKG
[2023-12-18 12:19:33,732][rfdiffusion.inference.model_runners][INFO] - Timestep 33, input to next step: --------------------------------------------------------------------------------GTFTSDVSSYLEGQAAKEFIAWLVKG
[2023-12-18 12:19:34,170][rfdiffusion.inference.model_runners][INFO] - Timestep 32, input to next step: --------------------------------------------------------------------------------GTFTSDVSSYLEGQAAKEFIAWLVKG
[2023-12-18 12:19:34,605][rfdiffusion.inference.model_runners][INFO] - Timestep 31, input to next step: --------------------------------------------------------------------------------GTFTSDVSSYLEGQAAKEFIAWLVKG
[2023-12-18 12:19:35,042][rfdiffusion.inference.model_runners][INFO] - Timestep 30, input to next step: --------------------------------------------------------------------------------GTFTSDVSSYLEGQAAKEFIAWLVKG
[2023-12-18 12:19:35,489][rfdiffusion.inference.model_runners][INFO] - Timestep 29, input to next step: --------------------------------------------------------------------------------GTFTSDVSSYLEGQAAKEFIAWLVKG
[2023-12-18 12:19:35,960][rfdiffusion.inference.model_runners][INFO] - Timestep 28, input to next step: --------------------------------------------------------------------------------GTFTSDVSSYLEGQAAKEFIAWLVKG
[2023-12-18 12:19:36,404][rfdiffusion.inference.model_runners][INFO] - Timestep 27, input to next step: --------------------------------------------------------------------------------GTFTSDVSSYLEGQAAKEFIAWLVKG
[2023-12-18 12:19:36,839][rfdiffusion.inference.model_runners][INFO] - Timestep 26, input to next step: --------------------------------------------------------------------------------GTFTSDVSSYLEGQAAKEFIAWLVKG
[2023-12-18 12:19:37,276][rfdiffusion.inference.model_runners][INFO] - Timestep 25, input to next step: --------------------------------------------------------------------------------GTFTSDVSSYLEGQAAKEFIAWLVKG
[2023-12-18 12:19:37,712][rfdiffusion.inference.model_runners][INFO] - Timestep 24, input to next step: --------------------------------------------------------------------------------GTFTSDVSSYLEGQAAKEFIAWLVKG
[2023-12-18 12:19:38,154][rfdiffusion.inference.model_runners][INFO] - Timestep 23, input to next step: --------------------------------------------------------------------------------GTFTSDVSSYLEGQAAKEFIAWLVKG
[2023-12-18 12:19:38,592][rfdiffusion.inference.model_runners][INFO] - Timestep 22, input to next step: --------------------------------------------------------------------------------GTFTSDVSSYLEGQAAKEFIAWLVKG
[2023-12-18 12:19:39,033][rfdiffusion.inference.model_runners][INFO] - Timestep 21, input to next step: --------------------------------------------------------------------------------GTFTSDVSSYLEGQAAKEFIAWLVKG
[2023-12-18 12:19:39,472][rfdiffusion.inference.model_runners][INFO] - Timestep 20, input to next step: --------------------------------------------------------------------------------GTFTSDVSSYLEGQAAKEFIAWLVKG
[2023-12-18 12:19:39,912][rfdiffusion.inference.model_runners][INFO] - Timestep 19, input to next step: --------------------------------------------------------------------------------GTFTSDVSSYLEGQAAKEFIAWLVKG
[2023-12-18 12:19:40,352][rfdiffusion.inference.model_runners][INFO] - Timestep 18, input to next step: --------------------------------------------------------------------------------GTFTSDVSSYLEGQAAKEFIAWLVKG
[2023-12-18 12:19:40,791][rfdiffusion.inference.model_runners][INFO] - Timestep 17, input to next step: --------------------------------------------------------------------------------GTFTSDVSSYLEGQAAKEFIAWLVKG
[2023-12-18 12:19:41,233][rfdiffusion.inference.model_runners][INFO] - Timestep 16, input to next step: --------------------------------------------------------------------------------GTFTSDVSSYLEGQAAKEFIAWLVKG
[2023-12-18 12:19:41,699][rfdiffusion.inference.model_runners][INFO] - Timestep 15, input to next step: --------------------------------------------------------------------------------GTFTSDVSSYLEGQAAKEFIAWLVKG
[2023-12-18 12:19:42,171][rfdiffusion.inference.model_runners][INFO] - Timestep 14, input to next step: --------------------------------------------------------------------------------GTFTSDVSSYLEGQAAKEFIAWLVKG
[2023-12-18 12:19:42,628][rfdiffusion.inference.model_runners][INFO] - Timestep 13, input to next step: --------------------------------------------------------------------------------GTFTSDVSSYLEGQAAKEFIAWLVKG
[2023-12-18 12:19:43,093][rfdiffusion.inference.model_runners][INFO] - Timestep 12, input to next step: --------------------------------------------------------------------------------GTFTSDVSSYLEGQAAKEFIAWLVKG
[2023-12-18 12:19:43,552][rfdiffusion.inference.model_runners][INFO] - Timestep 11, input to next step: --------------------------------------------------------------------------------GTFTSDVSSYLEGQAAKEFIAWLVKG
[2023-12-18 12:19:44,035][rfdiffusion.inference.model_runners][INFO] - Timestep 10, input to next step: --------------------------------------------------------------------------------GTFTSDVSSYLEGQAAKEFIAWLVKG
[2023-12-18 12:19:44,502][rfdiffusion.inference.model_runners][INFO] - Timestep 9, input to next step: --------------------------------------------------------------------------------GTFTSDVSSYLEGQAAKEFIAWLVKG
[2023-12-18 12:19:44,941][rfdiffusion.inference.model_runners][INFO] - Timestep 8, input to next step: --------------------------------------------------------------------------------GTFTSDVSSYLEGQAAKEFIAWLVKG
[2023-12-18 12:19:45,402][rfdiffusion.inference.model_runners][INFO] - Timestep 7, input to next step: --------------------------------------------------------------------------------GTFTSDVSSYLEGQAAKEFIAWLVKG
[2023-12-18 12:19:45,844][rfdiffusion.inference.model_runners][INFO] - Timestep 6, input to next step: --------------------------------------------------------------------------------GTFTSDVSSYLEGQAAKEFIAWLVKG
[2023-12-18 12:19:46,292][rfdiffusion.inference.model_runners][INFO] - Timestep 5, input to next step: --------------------------------------------------------------------------------GTFTSDVSSYLEGQAAKEFIAWLVKG
[2023-12-18 12:19:46,731][rfdiffusion.inference.model_runners][INFO] - Timestep 4, input to next step: --------------------------------------------------------------------------------GTFTSDVSSYLEGQAAKEFIAWLVKG
[2023-12-18 12:19:47,191][rfdiffusion.inference.model_runners][INFO] - Timestep 3, input to next step: --------------------------------------------------------------------------------GTFTSDVSSYLEGQAAKEFIAWLVKG
[2023-12-18 12:19:47,639][rfdiffusion.inference.model_runners][INFO] - Timestep 2, input to next step: --------------------------------------------------------------------------------GTFTSDVSSYLEGQAAKEFIAWLVKG
[2023-12-18 12:19:48,836][__main__][INFO] - Finished design in 0.40 minutes
[2023-12-18 12:19:48,836][__main__][INFO] - Making design example_outputs/design_ppi_flexible_peptide_7
[2023-12-18 12:19:48,842][rfdiffusion.inference.model_runners][INFO] - Using contig: ['B10-35/0 70-100']
[2023-12-18 12:19:48,858][rfdiffusion.inference.model_runners][INFO] - Sequence init: -----------------------------------------------------------------------------------------GTFTSDVSSYLEGQAAKEFIAWLVKG
[2023-12-18 12:19:49,327][rfdiffusion.inference.model_runners][INFO] - Timestep 50, input to next step: -----------------------------------------------------------------------------------------GTFTSDVSSYLEGQAAKEFIAWLVKG
[2023-12-18 12:19:49,795][rfdiffusion.inference.model_runners][INFO] - Timestep 49, input to next step: -----------------------------------------------------------------------------------------GTFTSDVSSYLEGQAAKEFIAWLVKG
[2023-12-18 12:19:50,269][rfdiffusion.inference.model_runners][INFO] - Timestep 48, input to next step: -----------------------------------------------------------------------------------------GTFTSDVSSYLEGQAAKEFIAWLVKG
[2023-12-18 12:19:51,251][rfdiffusion.inference.model_runners][INFO] - Timestep 47, input to next step: -----------------------------------------------------------------------------------------GTFTSDVSSYLEGQAAKEFIAWLVKG
[2023-12-18 12:19:51,741][rfdiffusion.inference.model_runners][INFO] - Timestep 46, input to next step: -----------------------------------------------------------------------------------------GTFTSDVSSYLEGQAAKEFIAWLVKG
[2023-12-18 12:19:52,739][rfdiffusion.inference.model_runners][INFO] - Timestep 45, input to next step: -----------------------------------------------------------------------------------------GTFTSDVSSYLEGQAAKEFIAWLVKG
[2023-12-18 12:19:53,208][rfdiffusion.inference.model_runners][INFO] - Timestep 44, input to next step: -----------------------------------------------------------------------------------------GTFTSDVSSYLEGQAAKEFIAWLVKG
[2023-12-18 12:19:53,685][rfdiffusion.inference.model_runners][INFO] - Timestep 43, input to next step: -----------------------------------------------------------------------------------------GTFTSDVSSYLEGQAAKEFIAWLVKG
[2023-12-18 12:19:54,160][rfdiffusion.inference.model_runners][INFO] - Timestep 42, input to next step: -----------------------------------------------------------------------------------------GTFTSDVSSYLEGQAAKEFIAWLVKG
[2023-12-18 12:19:54,635][rfdiffusion.inference.model_runners][INFO] - Timestep 41, input to next step: -----------------------------------------------------------------------------------------GTFTSDVSSYLEGQAAKEFIAWLVKG
