[2023-12-10 11:26:18,212][__main__][INFO] - Found GPU with device_name NVIDIA GeForce RTX 3080. Will run RFdiffusion on NVIDIA GeForce RTX 3080
[2023-12-10 11:26:18,212][rfdiffusion.inference.model_runners][INFO] - Reading checkpoint from /home/domain/ipermyakov/RFdiffusion/rfdiffusion/inference/../../models/InpaintSeq_ckpt.pt
[2023-12-10 11:26:22,663][rfdiffusion.inference.model_runners][INFO] - Loading checkpoint.
[2023-12-10 11:26:25,248][rfdiffusion.diffusion][INFO] - Using cached IGSO3.
[2023-12-10 11:26:25,273][__main__][INFO] - Making design example_outputs/design_partialdiffusion_peptidewithmultiplesequence_0
[2023-12-10 11:26:25,291][rfdiffusion.inference.model_runners][INFO] - Using contig: ['172-172/0 34-34']
[2023-12-10 11:26:25,320][rfdiffusion.inference.model_runners][INFO] - Sequence init: ----------------------------------------------------------------------------------------------------------------------------------------------------------------------------SVSEIQ----------------------QDVHNF
[2023-12-10 11:26:27,913][rfdiffusion.inference.model_runners][INFO] - Timestep 10, input to next step: ----------------------------------------------------------------------------------------------------------------------------------------------------------------------------SVSEIQ----------------------QDVHNF
[2023-12-10 11:26:29,500][rfdiffusion.inference.model_runners][INFO] - Timestep 9, input to next step: ----------------------------------------------------------------------------------------------------------------------------------------------------------------------------SVSEIQ----------------------QDVHNF
[2023-12-10 11:26:31,216][rfdiffusion.inference.model_runners][INFO] - Timestep 8, input to next step: ----------------------------------------------------------------------------------------------------------------------------------------------------------------------------SVSEIQ----------------------QDVHNF
[2023-12-10 11:26:32,791][rfdiffusion.inference.model_runners][INFO] - Timestep 7, input to next step: ----------------------------------------------------------------------------------------------------------------------------------------------------------------------------SVSEIQ----------------------QDVHNF
[2023-12-10 11:26:34,176][rfdiffusion.inference.model_runners][INFO] - Timestep 6, input to next step: ----------------------------------------------------------------------------------------------------------------------------------------------------------------------------SVSEIQ----------------------QDVHNF
[2023-12-10 11:26:35,707][rfdiffusion.inference.model_runners][INFO] - Timestep 5, input to next step: ----------------------------------------------------------------------------------------------------------------------------------------------------------------------------SVSEIQ----------------------QDVHNF
[2023-12-10 11:26:37,097][rfdiffusion.inference.model_runners][INFO] - Timestep 4, input to next step: ----------------------------------------------------------------------------------------------------------------------------------------------------------------------------SVSEIQ----------------------QDVHNF
[2023-12-10 11:26:38,064][rfdiffusion.inference.model_runners][INFO] - Timestep 3, input to next step: ----------------------------------------------------------------------------------------------------------------------------------------------------------------------------SVSEIQ----------------------QDVHNF
[2023-12-10 11:26:39,022][rfdiffusion.inference.model_runners][INFO] - Timestep 2, input to next step: ----------------------------------------------------------------------------------------------------------------------------------------------------------------------------SVSEIQ----------------------QDVHNF
[2023-12-10 11:26:40,247][__main__][INFO] - Finished design in 0.25 minutes
[2023-12-10 11:26:40,247][__main__][INFO] - Making design example_outputs/design_partialdiffusion_peptidewithmultiplesequence_1
[2023-12-10 11:26:40,267][rfdiffusion.inference.model_runners][INFO] - Using contig: ['172-172/0 34-34']
[2023-12-10 11:26:40,287][rfdiffusion.inference.model_runners][INFO] - Sequence init: ----------------------------------------------------------------------------------------------------------------------------------------------------------------------------SVSEIQ----------------------QDVHNF
[2023-12-10 11:26:41,608][rfdiffusion.inference.model_runners][INFO] - Timestep 10, input to next step: ----------------------------------------------------------------------------------------------------------------------------------------------------------------------------SVSEIQ----------------------QDVHNF
[2023-12-10 11:26:42,800][rfdiffusion.inference.model_runners][INFO] - Timestep 9, input to next step: ----------------------------------------------------------------------------------------------------------------------------------------------------------------------------SVSEIQ----------------------QDVHNF
[2023-12-10 11:26:44,469][rfdiffusion.inference.model_runners][INFO] - Timestep 8, input to next step: ----------------------------------------------------------------------------------------------------------------------------------------------------------------------------SVSEIQ----------------------QDVHNF
[2023-12-10 11:26:45,439][rfdiffusion.inference.model_runners][INFO] - Timestep 7, input to next step: ----------------------------------------------------------------------------------------------------------------------------------------------------------------------------SVSEIQ----------------------QDVHNF
[2023-12-10 11:26:46,413][rfdiffusion.inference.model_runners][INFO] - Timestep 6, input to next step: ----------------------------------------------------------------------------------------------------------------------------------------------------------------------------SVSEIQ----------------------QDVHNF
[2023-12-10 11:26:47,378][rfdiffusion.inference.model_runners][INFO] - Timestep 5, input to next step: ----------------------------------------------------------------------------------------------------------------------------------------------------------------------------SVSEIQ----------------------QDVHNF
[2023-12-10 11:26:49,054][rfdiffusion.inference.model_runners][INFO] - Timestep 4, input to next step: ----------------------------------------------------------------------------------------------------------------------------------------------------------------------------SVSEIQ----------------------QDVHNF
[2023-12-10 11:26:50,718][rfdiffusion.inference.model_runners][INFO] - Timestep 3, input to next step: ----------------------------------------------------------------------------------------------------------------------------------------------------------------------------SVSEIQ----------------------QDVHNF
[2023-12-10 11:26:51,685][rfdiffusion.inference.model_runners][INFO] - Timestep 2, input to next step: ----------------------------------------------------------------------------------------------------------------------------------------------------------------------------SVSEIQ----------------------QDVHNF
[2023-12-10 11:26:52,921][__main__][INFO] - Finished design in 0.21 minutes
[2023-12-10 11:26:52,921][__main__][INFO] - Making design example_outputs/design_partialdiffusion_peptidewithmultiplesequence_2
[2023-12-10 11:26:52,941][rfdiffusion.inference.model_runners][INFO] - Using contig: ['172-172/0 34-34']
[2023-12-10 11:26:52,961][rfdiffusion.inference.model_runners][INFO] - Sequence init: ----------------------------------------------------------------------------------------------------------------------------------------------------------------------------SVSEIQ----------------------QDVHNF
[2023-12-10 11:26:53,928][rfdiffusion.inference.model_runners][INFO] - Timestep 10, input to next step: ----------------------------------------------------------------------------------------------------------------------------------------------------------------------------SVSEIQ----------------------QDVHNF
[2023-12-10 11:26:55,479][rfdiffusion.inference.model_runners][INFO] - Timestep 9, input to next step: ----------------------------------------------------------------------------------------------------------------------------------------------------------------------------SVSEIQ----------------------QDVHNF
[2023-12-10 11:26:56,782][rfdiffusion.inference.model_runners][INFO] - Timestep 8, input to next step: ----------------------------------------------------------------------------------------------------------------------------------------------------------------------------SVSEIQ----------------------QDVHNF
[2023-12-10 11:26:58,286][rfdiffusion.inference.model_runners][INFO] - Timestep 7, input to next step: ----------------------------------------------------------------------------------------------------------------------------------------------------------------------------SVSEIQ----------------------QDVHNF
[2023-12-10 11:26:59,260][rfdiffusion.inference.model_runners][INFO] - Timestep 6, input to next step: ----------------------------------------------------------------------------------------------------------------------------------------------------------------------------SVSEIQ----------------------QDVHNF
[2023-12-10 11:27:00,222][rfdiffusion.inference.model_runners][INFO] - Timestep 5, input to next step: ----------------------------------------------------------------------------------------------------------------------------------------------------------------------------SVSEIQ----------------------QDVHNF
[2023-12-10 11:27:01,195][rfdiffusion.inference.model_runners][INFO] - Timestep 4, input to next step: ----------------------------------------------------------------------------------------------------------------------------------------------------------------------------SVSEIQ----------------------QDVHNF
[2023-12-10 11:27:02,883][rfdiffusion.inference.model_runners][INFO] - Timestep 3, input to next step: ----------------------------------------------------------------------------------------------------------------------------------------------------------------------------SVSEIQ----------------------QDVHNF
[2023-12-10 11:27:04,593][rfdiffusion.inference.model_runners][INFO] - Timestep 2, input to next step: ----------------------------------------------------------------------------------------------------------------------------------------------------------------------------SVSEIQ----------------------QDVHNF
[2023-12-10 11:27:05,835][__main__][INFO] - Finished design in 0.22 minutes
[2023-12-10 11:27:05,835][__main__][INFO] - Making design example_outputs/design_partialdiffusion_peptidewithmultiplesequence_3
[2023-12-10 11:27:05,856][rfdiffusion.inference.model_runners][INFO] - Using contig: ['172-172/0 34-34']
[2023-12-10 11:27:05,876][rfdiffusion.inference.model_runners][INFO] - Sequence init: ----------------------------------------------------------------------------------------------------------------------------------------------------------------------------SVSEIQ----------------------QDVHNF
[2023-12-10 11:27:06,851][rfdiffusion.inference.model_runners][INFO] - Timestep 10, input to next step: ----------------------------------------------------------------------------------------------------------------------------------------------------------------------------SVSEIQ----------------------QDVHNF
[2023-12-10 11:27:07,837][rfdiffusion.inference.model_runners][INFO] - Timestep 9, input to next step: ----------------------------------------------------------------------------------------------------------------------------------------------------------------------------SVSEIQ----------------------QDVHNF
[2023-12-10 11:27:08,814][rfdiffusion.inference.model_runners][INFO] - Timestep 8, input to next step: ----------------------------------------------------------------------------------------------------------------------------------------------------------------------------SVSEIQ----------------------QDVHNF
[2023-12-10 11:27:09,795][rfdiffusion.inference.model_runners][INFO] - Timestep 7, input to next step: ----------------------------------------------------------------------------------------------------------------------------------------------------------------------------SVSEIQ----------------------QDVHNF
[2023-12-10 11:27:10,765][rfdiffusion.inference.model_runners][INFO] - Timestep 6, input to next step: ----------------------------------------------------------------------------------------------------------------------------------------------------------------------------SVSEIQ----------------------QDVHNF
[2023-12-10 11:27:11,739][rfdiffusion.inference.model_runners][INFO] - Timestep 5, input to next step: ----------------------------------------------------------------------------------------------------------------------------------------------------------------------------SVSEIQ----------------------QDVHNF
[2023-12-10 11:27:12,723][rfdiffusion.inference.model_runners][INFO] - Timestep 4, input to next step: ----------------------------------------------------------------------------------------------------------------------------------------------------------------------------SVSEIQ----------------------QDVHNF
[2023-12-10 11:27:14,448][rfdiffusion.inference.model_runners][INFO] - Timestep 3, input to next step: ----------------------------------------------------------------------------------------------------------------------------------------------------------------------------SVSEIQ----------------------QDVHNF
[2023-12-10 11:27:16,117][rfdiffusion.inference.model_runners][INFO] - Timestep 2, input to next step: ----------------------------------------------------------------------------------------------------------------------------------------------------------------------------SVSEIQ----------------------QDVHNF
[2023-12-10 11:27:17,353][__main__][INFO] - Finished design in 0.19 minutes
